<?xml version="1.0"?>
<testsuite name="HeadlessChrome 0.0.0 (Windows 7 0.0.0)" package="" timestamp="2018-04-25T16:39:34" id="0" hostname="NBEST0121" tests="13" errors="0" failures="0" time="0.603">
  <properties>
    <property name="browser.fullName" value="Mozilla/5.0 (Windows NT 6.1; Win64; x64) AppleWebKit/537.36 (KHTML, like Gecko) HeadlessChrome/66.0.3359.117 Safari/537.36"/>
  </properties>
  <testcase name="BoxplotTableComponent should be created" time="0.096" classname="HeadlessChrome_0_0_0_(Windows_7_0_0_0).BoxplotTableComponent"/>
  <testcase name="BoxplotComponent should be created" time="0.051" classname="HeadlessChrome_0_0_0_(Windows_7_0_0_0).BoxplotComponent"/>
  <testcase name="EnglandComponent should create" time="0.057" classname="HeadlessChrome_0_0_0_(Windows_7_0_0_0).EnglandComponent"/>
  <testcase name="MapLegendComponent should create" time="0.08" classname="HeadlessChrome_0_0_0_(Windows_7_0_0_0).MapLegendComponent"/>
  <testcase name="MapTableComponent should create" time="0.043" classname="HeadlessChrome_0_0_0_(Windows_7_0_0_0).MapTableComponent"/>
  <testcase name="MapComponent should create" time="0.065" classname="HeadlessChrome_0_0_0_(Windows_7_0_0_0).MapComponent"/>
  <testcase name="MapComponent Boundry not supported" time="0.06" classname="HeadlessChrome_0_0_0_(Windows_7_0_0_0).MapComponent"/>
  <testcase name="MetadataTableComponent should be created" time="0.018" classname="HeadlessChrome_0_0_0_(Windows_7_0_0_0).MetadataTableComponent"/>
  <testcase name="MetadataComponent should be created" time="0.02" classname="HeadlessChrome_0_0_0_(Windows_7_0_0_0).MetadataComponent"/>
  <testcase name="PopulationSummaryComponent should be created" time="0.062" classname="HeadlessChrome_0_0_0_(Windows_7_0_0_0).PopulationSummaryComponent"/>
  <testcase name="PopulationComponent should be created" time="0.018" classname="HeadlessChrome_0_0_0_(Windows_7_0_0_0).PopulationComponent"/>
  <testcase name="RegisteredPersonsTableComponent should be created" time="0.019" classname="HeadlessChrome_0_0_0_(Windows_7_0_0_0).RegisteredPersonsTableComponent"/>
  <testcase name="Indicator Service should get indicator for all area async" time="0.014" classname="HeadlessChrome_0_0_0_(Windows_7_0_0_0).Indicator Service"/>
  <system-out>
    <![CDATA[
]]>
  </system-out>
  <system-err/>
</testsuite>